#shdr
0 0 
404 26 papa_data
0 404 papa_main
#symtab
0 0 0 1 0 0 
1 0 0 1 0 1 papa_main
2 152 0 0 1 1 real_start
3 0 0 0 1 5 sym_addr
4 16 0 0 1 1 get_back
5 0 0 1 0 5 papa_data
#
#.rela.
#papa_data
00 00 01 9e 00 00 00 00 
00 00 00 00 00 00 00 00 
00 00 00 00 00 00 00 00 
00 00
#.rela.papa_data
0 R_32 5 10
#papa_main
92 ef 00 64 92 1f 00 64 
94 11 00 00 38 f0 00 60 
92 2f 00 60 92 22 00 00 
91 82 00 00 92 4f 00 58 
92 32 00 00 92 1f 00 54 
61 33 10 00 91 93 00 00 
82 f0 30 4c 92 3f 00 4c 
50 22 30 00 50 44 30 00 
92 3f 00 44 3a f3 40 44 
00 00 00 00 81 e0 1f fc 
92 1f 00 3c 82 f0 10 3c 
93 1e 00 04 96 0e 00 04 
93 fe 00 08 30 f0 00 30 
ff ff ff 00 00 00 00 4c 
00 00 00 98 00 00 01 94 
00 00 00 00 00 00 00 ff 
ff ff ff 00 00 00 00 01 
00 00 00 06 00 00 00 20 
00 00 00 50 ff ff ff 00 
92 2f 00 30 92 22 00 00 
92 4f 00 2c 92 3f 00 2c 
82 f0 30 2c 80 20 30 00 
92 3f 00 28 50 22 30 00 
50 44 30 00 92 3f 00 20 
3a f3 40 20 38 f0 00 20 
30 f0 00 20 00 00 01 94 
00 00 00 00 00 00 00 70 
ff ff ff 00 00 00 00 01 
00 00 00 06 00 00 00 a4 
00 00 00 10 92 2f 00 30 
92 22 00 00 92 4f 00 2c 
92 3f 00 2c 82 f0 30 2c 
80 20 30 00 92 3f 00 28 
50 22 30 00 50 44 30 00 
92 3f 00 20 3a f3 40 20 
38 f0 00 20 30 f0 00 20 
00 00 00 00 00 00 00 00 
00 00 00 70 ff ff ff 00 
00 00 00 01 00 00 00 06 
00 00 00 0c 00 00 00 00 
92 2f 00 30 92 22 00 00 
92 4f 00 2c 92 3f 00 2c 
82 f0 30 2c 80 20 30 00 
92 3f 00 28 50 22 30 00 
50 44 30 00 92 3f 00 20 
3a f3 40 20 38 f0 00 20 
30 f0 00 20 00 00 00 00 
00 00 00 00 00 00 00 70 
ff ff ff 00 00 00 00 01 
00 00 00 06 00 00 00 0c 
00 00 00 00
#.rela.papa_main
108 R_32 1 76
112 R_32 2 0
116 R_32 3 0
140 R_32 1 32
204 R_32 3 0
228 R_32 1 164
232 R_32 4 0
204 R_32 3 0
228 R_32 1 164
232 R_32 4 0
204 R_32 3 0
228 R_32 1 164
232 R_32 4 0
